<?xml version="1.0" encoding="UTF-8"?>
<testng-results ignored="0" total="1" passed="1" failed="0" skipped="0">
  <reporter-output>
  </reporter-output>
  <suite started-at="2021-05-25T22:32:01 IST" name="Suite" finished-at="2021-05-25T22:33:28 IST" duration-ms="87564">
    <groups>
      <group name="cucumber">
        <method signature="AbstractTestNGCucumberTests.runScenario(io.cucumber.testng.PickleWrapper, io.cucumber.testng.FeatureWrapper)[pri:0, instance:options.TestRun@649bec2e]" name="runScenario" class="io.cucumber.testng.AbstractTestNGCucumberTests"/>
      </group> <!-- cucumber -->
    </groups>
    <test started-at="2021-05-25T22:32:01 IST" name="Test" finished-at="2021-05-25T22:33:28 IST" duration-ms="87564">
      <class name="options.TestRun">
        <test-method is-config="true" signature="setUpClass()[pri:0, instance:options.TestRun@649bec2e]" started-at="2021-05-25T22:32:01 IST" name="setUpClass" finished-at="2021-05-25T22:32:02 IST" duration-ms="831" status="PASS">
          <reporter-output>
          </reporter-output>
        </test-method> <!-- setUpClass -->
        <test-method signature="runScenario(io.cucumber.testng.PickleWrapper, io.cucumber.testng.FeatureWrapper)[pri:0, instance:options.TestRun@649bec2e]" started-at="2021-05-25T22:32:02 IST" name="runScenario" description="Runs Cucumber Scenarios" data-provider="scenarios" finished-at="2021-05-25T22:33:28 IST" duration-ms="86596" status="PASS">
          <params>
            <param index="0">
              <value>
                <![CDATA["To find and book hotel."]]>
              </value>
            </param>
            <param index="1">
              <value>
                <![CDATA["Hotel Booking"]]>
              </value>
            </param>
          </params>
          <reporter-output>
          </reporter-output>
        </test-method> <!-- runScenario -->
        <test-method is-config="true" signature="tearDownClass()[pri:0, instance:options.TestRun@649bec2e]" started-at="2021-05-25T22:33:28 IST" name="tearDownClass" finished-at="2021-05-25T22:33:28 IST" duration-ms="6" status="PASS">
          <reporter-output>
          </reporter-output>
        </test-method> <!-- tearDownClass -->
      </class> <!-- options.TestRun -->
    </test> <!-- Test -->
  </suite> <!-- Suite -->
</testng-results>
